{
"contracts\\CollateralToken.sol":{"l":{"10":28,"14":56},"path":"C:\\Users\\ger13\\Documents\\Semestre 8\\Blockchain\\tp1_aplicada\\final\\lending-protocol\\contracts\\CollateralToken.sol","s":{"1":28,"2":56},"b":{"1":[56,0]},"f":{"1":28,"2":56},"fnMap":{"1":{"name":"constructor","line":8,"loc":{"start":{"line":8,"column":4},"end":{"line":11,"column":4}}},"2":{"name":"mint","line":13,"loc":{"start":{"line":13,"column":4},"end":{"line":15,"column":4}}}},"statementMap":{"1":{"start":{"line":10,"column":8},"end":{"line":10,"column":44}},"2":{"start":{"line":14,"column":8},"end":{"line":14,"column":24}}},"branchMap":{"1":{"line":13,"type":"if","locations":[{"start":{"line":13,"column":55},"end":{"line":13,"column":55}},{"start":{"line":13,"column":55},"end":{"line":13,"column":55}}]}}},
"contracts\\LendingProtocol.sol":{"l":{"31":28,"32":28,"40":23,"43":22,"48":21,"50":21,"58":13,"60":12,"63":12,"64":12,"70":11,"75":11,"78":11,"80":11,"88":6,"89":6,"92":5,"95":5,"96":5,"99":5,"102":5,"108":5,"113":4,"116":4,"117":4,"118":4,"126":6,"128":5,"129":5,"130":4,"132":3,"135":3,"137":3,"156":12,"158":12,"159":12,"160":12,"161":12,"162":12,"170":29,"180":2},"path":"C:\\Users\\ger13\\Documents\\Semestre 8\\Blockchain\\tp1_aplicada\\final\\lending-protocol\\contracts\\LendingProtocol.sol","s":{"1":23,"2":22,"3":21,"4":13,"5":12,"6":12,"7":12,"8":11,"9":11,"10":11,"11":6,"12":6,"13":5,"14":5,"15":5,"16":5,"17":4,"18":6,"19":5,"20":5,"21":4,"22":3,"23":3,"24":12,"25":29,"26":2},"b":{"1":[22,1],"2":[21,1],"3":[12,1],"4":[11,1],"5":[11,0],"6":[11,0],"7":[5,1],"8":[5,0],"9":[4,1],"10":[5,1],"11":[4,1],"12":[3,1],"13":[3,0],"14":[29,1],"15":[29,0]},"f":{"1":28,"2":23,"3":13,"4":6,"5":6,"6":12,"7":29,"8":2},"fnMap":{"1":{"name":"constructor","line":30,"loc":{"start":{"line":30,"column":4},"end":{"line":33,"column":4}}},"2":{"name":"depositCollateral","line":39,"loc":{"start":{"line":39,"column":4},"end":{"line":51,"column":4}}},"3":{"name":"borrow","line":57,"loc":{"start":{"line":57,"column":4},"end":{"line":81,"column":4}}},"4":{"name":"repay","line":87,"loc":{"start":{"line":87,"column":4},"end":{"line":119,"column":4}}},"5":{"name":"withdrawCollateral","line":125,"loc":{"start":{"line":125,"column":4},"end":{"line":138,"column":4}}},"6":{"name":"getUserData","line":149,"loc":{"start":{"line":149,"column":4},"end":{"line":163,"column":4}}},"7":{"name":"fundContract","line":169,"loc":{"start":{"line":169,"column":4},"end":{"line":174,"column":4}}},"8":{"name":"getContractBalance","line":179,"loc":{"start":{"line":179,"column":4},"end":{"line":181,"column":4}}}},"statementMap":{"1":{"start":{"line":40,"column":8},"end":{"line":40,"column":59}},"2":{"start":{"line":43,"column":8},"end":{"line":43,"column":1763}},"3":{"start":{"line":50,"column":8},"end":{"line":50,"column":52}},"4":{"start":{"line":58,"column":8},"end":{"line":58,"column":59}},"5":{"start":{"line":60,"column":8},"end":{"line":60,"column":61}},"6":{"start":{"line":63,"column":8},"end":{"line":63,"column":74}},"7":{"start":{"line":64,"column":8},"end":{"line":64,"column":2505}},"8":{"start":{"line":70,"column":8},"end":{"line":70,"column":2713}},"9":{"start":{"line":78,"column":8},"end":{"line":78,"column":73}},"10":{"start":{"line":80,"column":8},"end":{"line":80,"column":45}},"11":{"start":{"line":88,"column":8},"end":{"line":88,"column":61}},"12":{"start":{"line":89,"column":8},"end":{"line":89,"column":53}},"13":{"start":{"line":95,"column":8},"end":{"line":95,"column":77}},"14":{"start":{"line":99,"column":8},"end":{"line":99,"column":69}},"15":{"start":{"line":102,"column":8},"end":{"line":102,"column":3898}},"16":{"start":{"line":108,"column":8},"end":{"line":108,"column":4094}},"17":{"start":{"line":113,"column":8},"end":{"line":113,"column":74}},"18":{"start":{"line":126,"column":8},"end":{"line":126,"column":59}},"19":{"start":{"line":128,"column":8},"end":{"line":128,"column":61}},"20":{"start":{"line":129,"column":8},"end":{"line":129,"column":71}},"21":{"start":{"line":130,"column":8},"end":{"line":130,"column":72}},"22":{"start":{"line":135,"column":8},"end":{"line":135,"column":79}},"23":{"start":{"line":137,"column":8},"end":{"line":137,"column":52}},"24":{"start":{"line":156,"column":8},"end":{"line":156,"column":54}},"25":{"start":{"line":170,"column":8},"end":{"line":170,"column":6311}},"26":{"start":{"line":180,"column":8},"end":{"line":180,"column":49}}},"branchMap":{"1":{"line":40,"type":"if","locations":[{"start":{"line":40,"column":8},"end":{"line":40,"column":8}},{"start":{"line":40,"column":8},"end":{"line":40,"column":8}}]},"2":{"line":43,"type":"if","locations":[{"start":{"line":43,"column":8},"end":{"line":43,"column":8}},{"start":{"line":43,"column":8},"end":{"line":43,"column":8}}]},"3":{"line":58,"type":"if","locations":[{"start":{"line":58,"column":8},"end":{"line":58,"column":8}},{"start":{"line":58,"column":8},"end":{"line":58,"column":8}}]},"4":{"line":64,"type":"if","locations":[{"start":{"line":64,"column":8},"end":{"line":64,"column":8}},{"start":{"line":64,"column":8},"end":{"line":64,"column":8}}]},"5":{"line":70,"type":"if","locations":[{"start":{"line":70,"column":8},"end":{"line":70,"column":8}},{"start":{"line":70,"column":8},"end":{"line":70,"column":8}}]},"6":{"line":78,"type":"if","locations":[{"start":{"line":78,"column":8},"end":{"line":78,"column":8}},{"start":{"line":78,"column":8},"end":{"line":78,"column":8}}]},"7":{"line":89,"type":"if","locations":[{"start":{"line":89,"column":8},"end":{"line":89,"column":8}},{"start":{"line":89,"column":8},"end":{"line":89,"column":8}}]},"8":{"line":102,"type":"if","locations":[{"start":{"line":102,"column":8},"end":{"line":102,"column":8}},{"start":{"line":102,"column":8},"end":{"line":102,"column":8}}]},"9":{"line":108,"type":"if","locations":[{"start":{"line":108,"column":8},"end":{"line":108,"column":8}},{"start":{"line":108,"column":8},"end":{"line":108,"column":8}}]},"10":{"line":126,"type":"if","locations":[{"start":{"line":126,"column":8},"end":{"line":126,"column":8}},{"start":{"line":126,"column":8},"end":{"line":126,"column":8}}]},"11":{"line":129,"type":"if","locations":[{"start":{"line":129,"column":8},"end":{"line":129,"column":8}},{"start":{"line":129,"column":8},"end":{"line":129,"column":8}}]},"12":{"line":130,"type":"if","locations":[{"start":{"line":130,"column":8},"end":{"line":130,"column":8}},{"start":{"line":130,"column":8},"end":{"line":130,"column":8}}]},"13":{"line":135,"type":"if","locations":[{"start":{"line":135,"column":8},"end":{"line":135,"column":8}},{"start":{"line":135,"column":8},"end":{"line":135,"column":8}}]},"14":{"line":169,"type":"if","locations":[{"start":{"line":169,"column":51},"end":{"line":169,"column":51}},{"start":{"line":169,"column":51},"end":{"line":169,"column":51}}]},"15":{"line":170,"type":"if","locations":[{"start":{"line":170,"column":8},"end":{"line":170,"column":8}},{"start":{"line":170,"column":8},"end":{"line":170,"column":8}}]}}},
"contracts\\LoanToken.sol":{"l":{"10":28,"14":56},"path":"C:\\Users\\ger13\\Documents\\Semestre 8\\Blockchain\\tp1_aplicada\\final\\lending-protocol\\contracts\\LoanToken.sol","s":{"1":28,"2":56},"b":{"1":[56,0]},"f":{"1":28,"2":56},"fnMap":{"1":{"name":"constructor","line":8,"loc":{"start":{"line":8,"column":4},"end":{"line":11,"column":4}}},"2":{"name":"mint","line":13,"loc":{"start":{"line":13,"column":4},"end":{"line":15,"column":4}}}},"statementMap":{"1":{"start":{"line":10,"column":8},"end":{"line":10,"column":44}},"2":{"start":{"line":14,"column":8},"end":{"line":14,"column":24}}},"branchMap":{"1":{"line":13,"type":"if","locations":[{"start":{"line":13,"column":55},"end":{"line":13,"column":55}},{"start":{"line":13,"column":55},"end":{"line":13,"column":55}}]}}},
"contracts\\Lock.sol":{"l":{"14":2,"19":1,"20":1,"27":5,"28":4,"30":3,"32":3},"path":"C:\\Users\\ger13\\Documents\\Semestre 8\\Blockchain\\tp1_aplicada\\final\\lending-protocol\\contracts\\Lock.sol","s":{"1":2,"2":5,"3":4,"4":3,"5":3},"b":{"1":[1,1],"2":[4,1],"3":[3,1]},"f":{"1":2,"2":5},"fnMap":{"1":{"name":"constructor","line":13,"loc":{"start":{"line":13,"column":4},"end":{"line":21,"column":4}}},"2":{"name":"withdraw","line":23,"loc":{"start":{"line":23,"column":4},"end":{"line":33,"column":4}}}},"statementMap":{"1":{"start":{"line":14,"column":8},"end":{"line":14,"column":341}},"2":{"start":{"line":27,"column":8},"end":{"line":27,"column":71}},"3":{"start":{"line":28,"column":8},"end":{"line":28,"column":59}},"4":{"start":{"line":30,"column":8},"end":{"line":30,"column":63}},"5":{"start":{"line":32,"column":8},"end":{"line":32,"column":44}}},"branchMap":{"1":{"line":14,"type":"if","locations":[{"start":{"line":14,"column":8},"end":{"line":14,"column":8}},{"start":{"line":14,"column":8},"end":{"line":14,"column":8}}]},"2":{"line":27,"type":"if","locations":[{"start":{"line":27,"column":8},"end":{"line":27,"column":8}},{"start":{"line":27,"column":8},"end":{"line":27,"column":8}}]},"3":{"line":28,"type":"if","locations":[{"start":{"line":28,"column":8},"end":{"line":28,"column":8}},{"start":{"line":28,"column":8},"end":{"line":28,"column":8}}]}}},
"contracts\\MockERC20.sol":{"l":{"12":0,"16":0},"path":"C:\\Users\\ger13\\Documents\\Semestre 8\\Blockchain\\tp1_aplicada\\final\\lending-protocol\\contracts\\MockERC20.sol","s":{"1":0,"2":0},"b":{},"f":{"1":0,"2":0},"fnMap":{"1":{"name":"constructor","line":11,"loc":{"start":{"line":7,"column":4},"end":{"line":13,"column":4}}},"2":{"name":"mint","line":15,"loc":{"start":{"line":15,"column":4},"end":{"line":17,"column":4}}}},"statementMap":{"1":{"start":{"line":12,"column":8},"end":{"line":12,"column":39}},"2":{"start":{"line":16,"column":8},"end":{"line":16,"column":24}}},"branchMap":{}}}
