TN:
SF:C:\Users\ger13\Documents\Semestre 8\Blockchain\tp1_aplicada\final\lending-protocol\contracts\CollateralToken.sol
FN:8,constructor
FN:13,mint
FNF:2
FNH:2
FNDA:28,constructor
FNDA:56,mint
DA:10,28
DA:14,56
LF:2
LH:2
BRDA:13,1,0,56
BRDA:13,1,1,0
BRF:2
BRH:1
end_of_record
TN:
SF:C:\Users\ger13\Documents\Semestre 8\Blockchain\tp1_aplicada\final\lending-protocol\contracts\LendingProtocol.sol
FN:30,constructor
FN:39,depositCollateral
FN:57,borrow
FN:87,repay
FN:125,withdrawCollateral
FN:149,getUserData
FN:169,fundContract
FN:179,getContractBalance
FNF:8
FNH:8
FNDA:28,constructor
FNDA:23,depositCollateral
FNDA:13,borrow
FNDA:6,repay
FNDA:6,withdrawCollateral
FNDA:12,getUserData
FNDA:29,fundContract
FNDA:2,getContractBalance
DA:31,28
DA:32,28
DA:40,23
DA:43,22
DA:48,21
DA:50,21
DA:58,13
DA:60,12
DA:63,12
DA:64,12
DA:70,11
DA:75,11
DA:78,11
DA:80,11
DA:88,6
DA:89,6
DA:92,5
DA:95,5
DA:96,5
DA:99,5
DA:102,5
DA:108,5
DA:113,4
DA:116,4
DA:117,4
DA:118,4
DA:126,6
DA:128,5
DA:129,5
DA:130,4
DA:132,3
DA:135,3
DA:137,3
DA:156,12
DA:158,12
DA:159,12
DA:160,12
DA:161,12
DA:162,12
DA:170,29
DA:180,2
LF:41
LH:41
BRDA:40,1,0,22
BRDA:40,1,1,1
BRDA:43,2,0,21
BRDA:43,2,1,1
BRDA:58,3,0,12
BRDA:58,3,1,1
BRDA:64,4,0,11
BRDA:64,4,1,1
BRDA:70,5,0,11
BRDA:70,5,1,0
BRDA:78,6,0,11
BRDA:78,6,1,0
BRDA:89,7,0,5
BRDA:89,7,1,1
BRDA:102,8,0,5
BRDA:102,8,1,0
BRDA:108,9,0,4
BRDA:108,9,1,1
BRDA:126,10,0,5
BRDA:126,10,1,1
BRDA:129,11,0,4
BRDA:129,11,1,1
BRDA:130,12,0,3
BRDA:130,12,1,1
BRDA:135,13,0,3
BRDA:135,13,1,0
BRDA:169,14,0,29
BRDA:169,14,1,1
BRDA:170,15,0,29
BRDA:170,15,1,0
BRF:30
BRH:25
end_of_record
TN:
SF:C:\Users\ger13\Documents\Semestre 8\Blockchain\tp1_aplicada\final\lending-protocol\contracts\LoanToken.sol
FN:8,constructor
FN:13,mint
FNF:2
FNH:2
FNDA:28,constructor
FNDA:56,mint
DA:10,28
DA:14,56
LF:2
LH:2
BRDA:13,1,0,56
BRDA:13,1,1,0
BRF:2
BRH:1
end_of_record
TN:
SF:C:\Users\ger13\Documents\Semestre 8\Blockchain\tp1_aplicada\final\lending-protocol\contracts\Lock.sol
FN:13,constructor
FN:23,withdraw
FNF:2
FNH:2
FNDA:2,constructor
FNDA:5,withdraw
DA:14,2
DA:19,1
DA:20,1
DA:27,5
DA:28,4
DA:30,3
DA:32,3
LF:7
LH:7
BRDA:14,1,0,1
BRDA:14,1,1,1
BRDA:27,2,0,4
BRDA:27,2,1,1
BRDA:28,3,0,3
BRDA:28,3,1,1
BRF:6
BRH:6
end_of_record
TN:
SF:C:\Users\ger13\Documents\Semestre 8\Blockchain\tp1_aplicada\final\lending-protocol\contracts\MockERC20.sol
FN:11,constructor
FN:15,mint
FNF:2
FNH:0
FNDA:0,constructor
FNDA:0,mint
DA:12,0
DA:16,0
LF:2
LH:0
BRF:0
BRH:0
end_of_record
